<?xml version="1.0" encoding="UTF-8"?>
<!-- Generated by org.testng.reporters.JUnitReportReporter -->
<testsuite skipped="0" hostname="LAPTOP-R2A7MSSV" name="com.qa.utilities.DataProviderTest" tests="3" failures="0" timestamp="26 Nov 2019 17:18:06 GMT" time="25.597" errors="0">
  <testcase name="QfundloginTest" time="8.548" classname="com.qa.utilities.DataProviderTest"/>
  <testcase name="QfundloginTest" time="9.049" classname="com.qa.utilities.DataProviderTest"/>
  <testcase name="QfundloginTest" time="8.000" classname="com.qa.utilities.DataProviderTest"/>
</testsuite> <!-- com.qa.utilities.DataProviderTest -->
